<?xml version="1.0" encoding="UTF-8"?>
<!-- Generated by org.testng.reporters.JUnitReportReporter -->
<testsuite skipped="0" hostname="Pushpendra" name="pdfReader.PDFReader" tests="1" failures="0" timestamp="19 Apr 2019 04:45:36 GMT" time="1.690" errors="0">
  <testcase name="readPDF" time="1.690" classname="pdfReader.PDFReader"/>
</testsuite> <!-- pdfReader.PDFReader -->
